es-ptp-camera/build/intermediates/manifest_merge_blame_file/debug/processDebugManifest/manifest-merger-blame-debug-report.txt
1<?xml version="1.0" encoding="utf-8"?>
2<manifest xmlns:android="http://schemas.android.com/apk/res/android"
3    package="com.extremesolution.esptpcamera" >
4
5    <uses-sdk android:minSdkVersion="24" />
6
7    <uses-feature android:name="android.hardware.usb.host" />
7-->src/main/AndroidManifest.xml:3:5-62
7-->src/main/AndroidManifest.xml:3:19-59
8
9</manifest>